  ihfl.cpp
E:\Tomas\CPP\IHFL\ihfl.cpp(751,22): warning C4267: 'initializing': conversion from 'size_t' to 'int', possible loss of data
E:\Tomas\CPP\IHFL\ihfl.cpp(751,14): warning C4267: 'initializing': conversion from 'size_t' to 'const int', possible loss of data
E:\Tomas\CPP\IHFL\ihfl.cpp(762,25): warning C4267: 'initializing': conversion from 'size_t' to 'int', possible loss of data
E:\Tomas\CPP\IHFL\ihfl.cpp(762,15): warning C4267: 'initializing': conversion from 'size_t' to 'const int', possible loss of data
E:\Tomas\CPP\IHFL\ihfl.cpp(791,22): warning C4267: 'initializing': conversion from 'size_t' to 'int', possible loss of data
E:\Tomas\CPP\IHFL\ihfl.cpp(791,14): warning C4267: 'initializing': conversion from 'size_t' to 'const int', possible loss of data
E:\Tomas\CPP\IHFL\ihfl.cpp(1045,33): warning C4244: 'initializing': conversion from 'double' to 'int', possible loss of data
E:\Tomas\CPP\IHFL\ihfl.cpp(1045,20): warning C4244: 'initializing': conversion from 'double' to 'const int', possible loss of data
E:\Tomas\CPP\IHFL\ihfl.cpp(1177,30): warning C4267: 'argument': conversion from 'size_t' to '_Ty', possible loss of data
          with
          [
              _Ty=int
          ]
E:\Tomas\CPP\IHFL\ihfl.cpp(1182,18): warning C4244: 'argument': conversion from 'double' to '_Ty', possible loss of data
          with
          [
              _Ty=int
          ]
E:\Tomas\CPP\IHFL\ihfl.cpp(1184,19): warning C4244: 'argument': conversion from 'double' to '_Ty', possible loss of data
          with
          [
              _Ty=int
          ]
  main.cpp
E:\Tomas\CPP\IHFL\main.cpp(23,1): warning C4005: '_CRT_SECURE_NO_WARNINGS': macro redefinition
E:\Tomas\CPP\IHFL\main.cpp(23,1): message : '_CRT_SECURE_NO_WARNINGS' previously declared on the command line
E:\Tomas\CPP\IHFL\main.cpp(331,17): warning C4244: '=': conversion from 'const _Ty' to 'int', possible loss of data
          with
          [
              _Ty=double
          ]
E:\Tomas\CPP\IHFL\main.cpp(397,32): warning C4267: 'initializing': conversion from 'size_t' to 'unsigned int', possible loss of data
E:\Tomas\CPP\IHFL\main.cpp(435,135): warning C4244: 'argument': conversion from 'double' to 'const int', possible loss of data
  Generating Code...
  IHFL.vcxproj -> E:\Tomas\CPP\IHFL\x64\Debug\IHFL.exe
