e:\tomas\cpp\ihfl\x64\debug\vc143.pdb
e:\tomas\cpp\ihfl\x64\debug\vc143.idb
e:\tomas\cpp\ihfl\x64\debug\splitdataset.obj
e:\tomas\cpp\ihfl\x64\debug\regressionplane.obj
e:\tomas\cpp\ihfl\x64\debug\pca.obj
e:\tomas\cpp\ihfl\x64\debug\main.obj
e:\tomas\cpp\ihfl\x64\debug\knnsearch.obj
e:\tomas\cpp\ihfl\x64\debug\kdpointtile.obj
e:\tomas\cpp\ihfl\x64\debug\io.obj
e:\tomas\cpp\ihfl\x64\debug\ihfl.obj
e:\tomas\cpp\ihfl\x64\debug\gridindexing.obj
e:\tomas\cpp\ihfl\x64\debug\dxfexport.obj
e:\tomas\cpp\ihfl\x64\debug\ihfl.exe
e:\tomas\cpp\ihfl\x64\debug\ihfl.ilk
e:\tomas\cpp\ihfl\x64\debug\ihfl.pdb
e:\tomas\cpp\ihfl\x64\debug\ihfl.tlog\cl.command.1.tlog
e:\tomas\cpp\ihfl\x64\debug\ihfl.tlog\cl.items.tlog
e:\tomas\cpp\ihfl\x64\debug\ihfl.tlog\cl.read.1.tlog
e:\tomas\cpp\ihfl\x64\debug\ihfl.tlog\cl.write.1.tlog
e:\tomas\cpp\ihfl\x64\debug\ihfl.tlog\link.command.1.tlog
e:\tomas\cpp\ihfl\x64\debug\ihfl.tlog\link.read.1.tlog
e:\tomas\cpp\ihfl\x64\debug\ihfl.tlog\link.write.1.tlog
