e:\tomas\cpp\ihfl\ihfl\x64\release\vc143.pdb
e:\tomas\cpp\ihfl\ihfl\x64\release\splitdataset.obj
e:\tomas\cpp\ihfl\ihfl\x64\release\regressionplane.obj
e:\tomas\cpp\ihfl\ihfl\x64\release\rg_main.obj
e:\tomas\cpp\ihfl\ihfl\x64\release\pca.obj
e:\tomas\cpp\ihfl\ihfl\x64\release\main.obj
e:\tomas\cpp\ihfl\ihfl\x64\release\knnsearch.obj
e:\tomas\cpp\ihfl\ihfl\x64\release\kdpointtile.obj
e:\tomas\cpp\ihfl\ihfl\x64\release\io.obj
e:\tomas\cpp\ihfl\ihfl\x64\release\ihfl.obj
e:\tomas\cpp\ihfl\ihfl\x64\release\gridindexing.obj
e:\tomas\cpp\ihfl\ihfl\x64\release\dxfexport.obj
e:\tomas\cpp\ihfl\x64\release\ihfl.exe
e:\tomas\cpp\ihfl\x64\release\ihfl.pdb
e:\tomas\cpp\ihfl\ihfl\x64\release\ihfl.ipdb
e:\tomas\cpp\ihfl\ihfl\x64\release\ihfl.iobj
e:\tomas\cpp\ihfl\ihfl\x64\release\ihfl.tlog\cl.command.1.tlog
e:\tomas\cpp\ihfl\ihfl\x64\release\ihfl.tlog\cl.items.tlog
e:\tomas\cpp\ihfl\ihfl\x64\release\ihfl.tlog\cl.read.1.tlog
e:\tomas\cpp\ihfl\ihfl\x64\release\ihfl.tlog\cl.write.1.tlog
e:\tomas\cpp\ihfl\ihfl\x64\release\ihfl.tlog\link.command.1.tlog
e:\tomas\cpp\ihfl\ihfl\x64\release\ihfl.tlog\link.read.1.tlog
e:\tomas\cpp\ihfl\ihfl\x64\release\ihfl.tlog\link.secondary.1.tlog
e:\tomas\cpp\ihfl\ihfl\x64\release\ihfl.tlog\link.write.1.tlog
